<?xml version="1.0" encoding="UTF-8"?>
<!-- Generated by org.testng.reporters.JUnitReportReporter -->
<testsuite hostname="DESKTOP-K2S1RU0" failures="0" tests="1" name="test_credibll.CredibllSignupTestNG" time="8.924" errors="0" timestamp="31 Jan 2019 10:57:30 GMT" skipped="0">
  <testcase classname="test_credibll.CredibllSignupTestNG" name="credibllSignUp" time="8.924"/>
</testsuite> <!-- test_credibll.CredibllSignupTestNG -->
